Using pre-set license
Built from '2021.3/staging' branch; Version is '2021.3.21f1 (1b156197d683) revision 1774945'; Using compiler version '192829333'; Build Type 'Release'
OS: 'Windows 10  (10.0.19045) 64bit Professional' Language: 'es' Physical Memory: 16310 MB
BatchMode: 1, IsHumanControllingUs: 0, StartBugReporterOnCrash: 0, Is64bit: 1, IsPro: 1

COMMAND LINE ARGUMENTS:
C:\Program Files\Unity\Hub\Editor\2021.3.21f1\Editor\Unity.exe
-adb2
-batchMode
-noUpm
-name
AssetImportWorker4
-projectPath
D:/UnityProjects/EndZoneV1.1
-logFile
Logs/AssetImportWorker4.log
-srvPort
57014
Successfully changed project path to: D:/UnityProjects/EndZoneV1.1
D:/UnityProjects/EndZoneV1.1
[UnityMemory] Configuration Parameters - Can be set up in boot.config
    "memorysetup-bucket-allocator-granularity=16"
    "memorysetup-bucket-allocator-bucket-count=8"
    "memorysetup-bucket-allocator-block-size=33554432"
    "memorysetup-bucket-allocator-block-count=8"
    "memorysetup-main-allocator-block-size=16777216"
    "memorysetup-thread-allocator-block-size=16777216"
    "memorysetup-gfx-main-allocator-block-size=16777216"
    "memorysetup-gfx-thread-allocator-block-size=16777216"
    "memorysetup-cache-allocator-block-size=4194304"
    "memorysetup-typetree-allocator-block-size=2097152"
    "memorysetup-profiler-bucket-allocator-granularity=16"
    "memorysetup-profiler-bucket-allocator-bucket-count=8"
    "memorysetup-profiler-bucket-allocator-block-size=33554432"
    "memorysetup-profiler-bucket-allocator-block-count=8"
    "memorysetup-profiler-allocator-block-size=16777216"
    "memorysetup-profiler-editor-allocator-block-size=1048576"
    "memorysetup-temp-allocator-size-main=16777216"
    "memorysetup-job-temp-allocator-block-size=2097152"
    "memorysetup-job-temp-allocator-block-size-background=1048576"
    "memorysetup-job-temp-allocator-reduction-small-platforms=262144"
    "memorysetup-temp-allocator-size-background-worker=32768"
    "memorysetup-temp-allocator-size-job-worker=262144"
    "memorysetup-temp-allocator-size-preload-manager=33554432"
    "memorysetup-temp-allocator-size-nav-mesh-worker=65536"
    "memorysetup-temp-allocator-size-audio-worker=65536"
    "memorysetup-temp-allocator-size-cloud-worker=32768"
    "memorysetup-temp-allocator-size-gi-baking-worker=262144"
    "memorysetup-temp-allocator-size-gfx=262144"
Player connection [17064] Host "[IP] 192.168.0.222 [Port] 0 [Flags] 2 [Guid] 1824367420 [EditorId] 1824367420 [Version] 1048832 [Id] WindowsEditor(7,DESKTOP-N2DQ8HP) [Debug] 1 [PackageName] WindowsEditor [ProjectName] Editor" joined multi-casting on [225.0.0.222:54997]...

Player connection [17064] Host "[IP] 192.168.0.222 [Port] 0 [Flags] 2 [Guid] 1824367420 [EditorId] 1824367420 [Version] 1048832 [Id] WindowsEditor(7,DESKTOP-N2DQ8HP) [Debug] 1 [PackageName] WindowsEditor [ProjectName] Editor" joined alternative multi-casting on [225.0.0.222:34997]...

Refreshing native plugins compatible for Editor in 82.00 ms, found 3 plugins.
Preloading 0 native plugins for Editor in 0.00 ms.
Initialize engine version: 2021.3.21f1 (1b156197d683)
[Subsystems] Discovering subsystems at path C:/Program Files/Unity/Hub/Editor/2021.3.21f1/Editor/Data/Resources/UnitySubsystems
[Subsystems] Discovering subsystems at path D:/UnityProjects/EndZoneV1.1/Assets
GfxDevice: creating device client; threaded=0; jobified=0
Direct3D:
    Version:  Direct3D 11.0 [level 11.1]
    Renderer: NVIDIA GeForce GTX 1660 (ID=0x2184)
    Vendor:   NVIDIA
    VRAM:     5992 MB
    Driver:   31.0.15.1694
Initialize mono
Mono path[0] = 'C:/Program Files/Unity/Hub/Editor/2021.3.21f1/Editor/Data/Managed'
Mono path[1] = 'C:/Program Files/Unity/Hub/Editor/2021.3.21f1/Editor/Data/MonoBleedingEdge/lib/mono/unityjit-win32'
Mono config path = 'C:/Program Files/Unity/Hub/Editor/2021.3.21f1/Editor/Data/MonoBleedingEdge/etc'
Using monoOptions --debugger-agent=transport=dt_socket,embedding=1,server=y,suspend=n,address=127.0.0.1:56436
Begin MonoManager ReloadAssembly
Registering precompiled unity dll's ...
Register platform support module: C:/Program Files/Unity/Hub/Editor/2021.3.21f1/Editor/Data/PlaybackEngines/WindowsStandaloneSupport/UnityEditor.WindowsStandalone.Extensions.dll
Registered in 0.005100 seconds.
Native extension for WindowsStandalone target not found
Refreshing native plugins compatible for Editor in 72.81 ms, found 3 plugins.
Preloading 0 native plugins for Editor in 0.00 ms.
Mono: successfully reloaded assembly
- Completed reload, in  0.456 seconds
Domain Reload Profiling:
	ReloadAssembly (456ms)
		BeginReloadAssembly (62ms)
			ExecutionOrderSort (0ms)
			DisableScriptedObjects (0ms)
			BackupInstance (0ms)
			ReleaseScriptingObjects (0ms)
			CreateAndSetChildDomain (1ms)
		EndReloadAssembly (325ms)
			LoadAssemblies (60ms)
			RebuildTransferFunctionScriptingTraits (0ms)
			SetupTypeCache (67ms)
			ReleaseScriptCaches (0ms)
			RebuildScriptCaches (19ms)
			SetupLoadedEditorAssemblies (202ms)
				LogAssemblyErrors (0ms)
				InitializePlatformSupportModulesInManaged (6ms)
				SetLoadedEditorAssemblies (0ms)
				RefreshPlugins (73ms)
				BeforeProcessingInitializeOnLoad (1ms)
				ProcessInitializeOnLoadAttributes (90ms)
				ProcessInitializeOnLoadMethodAttributes (31ms)
				AfterProcessingInitializeOnLoad (0ms)
				EditorAssembliesLoaded (0ms)
			ExecutionOrderSort2 (0ms)
			AwakeInstancesAfterBackupRestoration (0ms)
Platform modules already initialized, skipping
Registering precompiled user dll's ...
Registered in 0.004560 seconds.
Begin MonoManager ReloadAssembly
Symbol file LoadedFromMemory doesn't match image D:\UnityProjects\EndZoneV1.1\Library\PackageCache\com.unity.visualscripting@1.8.0\Editor\VisualScripting.Core\Dependencies\YamlDotNet\Unity.VisualScripting.YamlDotNet.dll
Symbol file LoadedFromMemory doesn't match image D:\UnityProjects\EndZoneV1.1\Library\PackageCache\com.unity.visualscripting@1.8.0\Editor\VisualScripting.Core\Dependencies\DotNetZip\Unity.VisualScripting.IonicZip.dll
Native extension for WindowsStandalone target not found
Refreshing native plugins compatible for Editor in 73.53 ms, found 3 plugins.
Preloading 0 native plugins for Editor in 0.00 ms.
Mono: successfully reloaded assembly
- Completed reload, in  0.900 seconds
Domain Reload Profiling:
	ReloadAssembly (901ms)
		BeginReloadAssembly (90ms)
			ExecutionOrderSort (0ms)
			DisableScriptedObjects (5ms)
			BackupInstance (0ms)
			ReleaseScriptingObjects (0ms)
			CreateAndSetChildDomain (16ms)
		EndReloadAssembly (735ms)
			LoadAssemblies (75ms)
			RebuildTransferFunctionScriptingTraits (0ms)
			SetupTypeCache (170ms)
			ReleaseScriptCaches (1ms)
			RebuildScriptCaches (47ms)
			SetupLoadedEditorAssemblies (423ms)
				LogAssemblyErrors (0ms)
				InitializePlatformSupportModulesInManaged (3ms)
				SetLoadedEditorAssemblies (0ms)
				RefreshPlugins (74ms)
				BeforeProcessingInitializeOnLoad (75ms)
				ProcessInitializeOnLoadAttributes (209ms)
				ProcessInitializeOnLoadMethodAttributes (55ms)
				AfterProcessingInitializeOnLoad (7ms)
				EditorAssembliesLoaded (0ms)
			ExecutionOrderSort2 (0ms)
			AwakeInstancesAfterBackupRestoration (4ms)
Platform modules already initialized, skipping
========================================================================
Worker process is ready to serve import requests
Launched and connected shader compiler UnityShaderCompiler.exe after 0.03 seconds
Refreshing native plugins compatible for Editor in 0.84 ms, found 3 plugins.
Preloading 0 native plugins for Editor in 0.00 ms.
Unloading 4892 Unused Serialized files (Serialized files now loaded: 0)
Unloading 54 unused Assets / (1.2 MB). Loaded Objects now: 5340.
Memory consumption went from 198.5 MB to 197.3 MB.
Total: 3.201200 ms (FindLiveObjects: 0.303900 ms CreateObjectMapping: 0.135500 ms MarkObjects: 2.325100 ms  DeleteObjects: 0.435700 ms)

AssetImportParameters requested are different than current active one (requested -> active):
  custom:video-decoder-ogg-theora: a1e56fd34408186e4bbccfd4996cb3dc -> 
  custom:container-muxer-webm: aa71ff27fc2769a1b78a27578f13a17b -> 
  custom:container-demuxer-webm: 4f35f7cbe854078d1ac9338744f61a02 -> 
  custom:video-encoder-webm-vp8: eb34c28f22e8b96e1ab97ce403110664 -> 
  custom:audio-encoder-webm-vorbis: bf7c407c2cedff20999df2af8eb42d56 -> 
  custom:framework-win-MediaFoundation: 216162199b28c13a410421893ffa2e32 -> 
  custom:container-demuxer-ogg: 62fdf1f143b41e24485cea50d1cbac27 -> 
  custom:video-decoder-webm-vp8: 9c59270c3fd7afecdb556c50c9e8de78 -> 
  custom:audio-decoder-ogg-vorbis: bf7c407c2cedff20999df2af8eb42d56 -> 
========================================================================
Received Import Request.
  Time since last request: 3449.181984 seconds.
  path: Assets/_LP/lpZombies/zombies-models.obj/Materials
  artifactKey: Guid(3f2b210b8671b4d4188b7713f6960e4b) Importer(815301076,1909f56bfc062723c751e8b465ee728b)
Start importing Assets/_LP/lpZombies/zombies-models.obj/Materials using Guid(3f2b210b8671b4d4188b7713f6960e4b) Importer(815301076,1909f56bfc062723c751e8b465ee728b)  -> (artifact id: '2a4517b7598ae8f72c25a126e1c99898') in 0.032751 seconds 
========================================================================
Received Import Request.
  Time since last request: 0.010475 seconds.
  path: Assets/_LP/lpZombies/zombies-models.obj/Materials/world_people_colors.mat
  artifactKey: Guid(a568e4124ca966a449301d445a4d429e) Importer(815301076,1909f56bfc062723c751e8b465ee728b)
Start importing Assets/_LP/lpZombies/zombies-models.obj/Materials/world_people_colors.mat using Guid(a568e4124ca966a449301d445a4d429e) Importer(815301076,1909f56bfc062723c751e8b465ee728b)  -> (artifact id: '4db17efdfd0dd2add6af64dad6eebd52') in 0.188911 seconds 
========================================================================
Received Import Request.
  Time since last request: 56.919994 seconds.
  path: Assets/_LP/lpZombies/zombies-models.obj/lpFemale_zombie_A.fbx
  artifactKey: Guid(01ddccac66222624b8c844a7dadf53af) Importer(815301076,1909f56bfc062723c751e8b465ee728b)
Start importing Assets/_LP/lpZombies/zombies-models.obj/lpFemale_zombie_A.fbx using Guid(01ddccac66222624b8c844a7dadf53af) Importer(815301076,1909f56bfc062723c751e8b465ee728b)  -> (artifact id: '527a334d666bbe66dbab0dcf9158e6e8') in 0.085340 seconds 
========================================================================
Received Import Request.
  Time since last request: 0.000018 seconds.
  path: Assets/_LP/lpZombies/zombies-models.obj/lpMale_zombie_C.fbx
  artifactKey: Guid(e192f164c560e234fb968193999e297e) Importer(815301076,1909f56bfc062723c751e8b465ee728b)
Start importing Assets/_LP/lpZombies/zombies-models.obj/lpMale_zombie_C.fbx using Guid(e192f164c560e234fb968193999e297e) Importer(815301076,1909f56bfc062723c751e8b465ee728b)  -> (artifact id: 'd0450796839a4c9e66c83a1c90bb7cf4') in 0.023863 seconds 
========================================================================
Received Import Request.
  Time since last request: 0.000020 seconds.
  path: Assets/_LP/lpZombies/zombies-models.obj/lpMale_zombie_B.fbx
  artifactKey: Guid(3484c9420f8148e468e27557ffe195cf) Importer(815301076,1909f56bfc062723c751e8b465ee728b)
Start importing Assets/_LP/lpZombies/zombies-models.obj/lpMale_zombie_B.fbx using Guid(3484c9420f8148e468e27557ffe195cf) Importer(815301076,1909f56bfc062723c751e8b465ee728b)  -> (artifact id: '0d4637434276b7342492c84cb50d13ab') in 0.029345 seconds 
========================================================================
Received Import Request.
  Time since last request: 0.000024 seconds.
  path: Assets/_LP/lpZombies/zombies-models.obj/lpFemale_zombie_D.fbx
  artifactKey: Guid(ba2b68eeb7316ff49a09c6802dbf0a55) Importer(815301076,1909f56bfc062723c751e8b465ee728b)
Start importing Assets/_LP/lpZombies/zombies-models.obj/lpFemale_zombie_D.fbx using Guid(ba2b68eeb7316ff49a09c6802dbf0a55) Importer(815301076,1909f56bfc062723c751e8b465ee728b)  -> (artifact id: '5ebb978d09b81bec3d1c3d7646de66a3') in 0.046875 seconds 
Editor requested this worker to shutdown with reason: Scaling down because of idle timeout
AssetImportWorker is now disconnected from the server
Process exiting
Exiting without the bug reporter. Application will terminate with return code 0